<?xml version="1.0" encoding="UTF-8"?>
<testng-results ignored="0" total="4" passed="3" failed="1" skipped="0">
  <reporter-output>
  </reporter-output>
  <suite started-at="2020-09-19T14:34:11Z" name="Suite" finished-at="2020-09-19T14:34:41Z" duration-ms="29427">
    <groups>
    </groups>
    <test started-at="2020-09-19T14:34:11Z" name="Validating Navigation Bar" finished-at="2020-09-19T14:34:25Z" duration-ms="13336">
      <class name="Academy.validateNavidationBar">
        <test-method is-config="true" signature="initialize()[pri:0, instance:Academy.validateNavidationBar@6cd24612]" started-at="2020-09-19T14:34:11Z" name="initialize" finished-at="2020-09-19T14:34:24Z" duration-ms="12522" status="PASS">
          <reporter-output>
          </reporter-output>
        </test-method> <!-- initialize -->
        <test-method signature="basePageNavigation()[pri:0, instance:Academy.validateNavidationBar@6cd24612]" started-at="2020-09-19T14:34:24Z" name="basePageNavigation" finished-at="2020-09-19T14:34:25Z" duration-ms="544" status="PASS">
          <reporter-output>
          </reporter-output>
        </test-method> <!-- basePageNavigation -->
        <test-method is-config="true" signature="TearDown()[pri:0, instance:Academy.validateNavidationBar@6cd24612]" started-at="2020-09-19T14:34:25Z" name="TearDown" finished-at="2020-09-19T14:34:25Z" duration-ms="237" status="PASS">
          <reporter-output>
          </reporter-output>
        </test-method> <!-- TearDown -->
      </class> <!-- Academy.validateNavidationBar -->
    </test> <!-- Validating Navigation Bar -->
    <test started-at="2020-09-19T14:34:11Z" name="Validating Title" finished-at="2020-09-19T14:34:27Z" duration-ms="15595">
      <class name="Academy.validateTitle">
        <test-method is-config="true" signature="initialize()[pri:0, instance:Academy.validateTitle@768ccdc5]" started-at="2020-09-19T14:34:11Z" name="initialize" finished-at="2020-09-19T14:34:26Z" duration-ms="14073" status="PASS">
          <reporter-output>
          </reporter-output>
        </test-method> <!-- initialize -->
        <test-method signature="basePageNavigation()[pri:0, instance:Academy.validateTitle@768ccdc5]" started-at="2020-09-19T14:34:26Z" name="basePageNavigation" finished-at="2020-09-19T14:34:26Z" duration-ms="830" status="FAIL">
          <exception class="java.lang.AssertionError">
            <message>
              <![CDATA[expected [false] but found [true]]]>
            </message>
            <full-stacktrace>
              <![CDATA[java.lang.AssertionError: expected [false] but found [true]
at org.testng.Assert.fail(Assert.java:96)
at org.testng.Assert.failNotEquals(Assert.java:776)
at org.testng.Assert.assertFalse(Assert.java:65)
at org.testng.Assert.assertFalse(Assert.java:75)
at Academy.validateTitle.basePageNavigation(validateTitle.java:39)
at java.base/jdk.internal.reflect.NativeMethodAccessorImpl.invoke0(Native Method)
at java.base/jdk.internal.reflect.NativeMethodAccessorImpl.invoke(NativeMethodAccessorImpl.java:62)
at java.base/jdk.internal.reflect.DelegatingMethodAccessorImpl.invoke(DelegatingMethodAccessorImpl.java:43)
at java.base/java.lang.reflect.Method.invoke(Method.java:564)
at org.testng.internal.MethodInvocationHelper.invokeMethod(MethodInvocationHelper.java:124)
at org.testng.internal.Invoker.invokeMethod(Invoker.java:583)
at org.testng.internal.Invoker.invokeTestMethod(Invoker.java:719)
at org.testng.internal.Invoker.invokeTestMethods(Invoker.java:989)
at org.testng.internal.TestMethodWorker.invokeTestMethods(TestMethodWorker.java:125)
at org.testng.internal.TestMethodWorker.run(TestMethodWorker.java:109)
at org.testng.TestRunner.privateRun(TestRunner.java:648)
at org.testng.TestRunner.run(TestRunner.java:505)
at org.testng.SuiteRunner.runTest(SuiteRunner.java:455)
at org.testng.SuiteRunner.access$000(SuiteRunner.java:40)
at org.testng.SuiteRunner$SuiteWorker.run(SuiteRunner.java:489)
at org.testng.internal.thread.ThreadUtil$1.call(ThreadUtil.java:52)
at java.base/java.util.concurrent.FutureTask.run(FutureTask.java:264)
at java.base/java.util.concurrent.ThreadPoolExecutor.runWorker(ThreadPoolExecutor.java:1135)
at java.base/java.util.concurrent.ThreadPoolExecutor$Worker.run(ThreadPoolExecutor.java:635)
at java.base/java.lang.Thread.run(Thread.java:844)
]]>
            </full-stacktrace>
          </exception> <!-- java.lang.AssertionError -->
          <reporter-output>
          </reporter-output>
        </test-method> <!-- basePageNavigation -->
        <test-method is-config="true" signature="TearDown()[pri:0, instance:Academy.validateTitle@768ccdc5]" started-at="2020-09-19T14:34:27Z" name="TearDown" finished-at="2020-09-19T14:34:27Z" duration-ms="154" status="PASS">
          <reporter-output>
          </reporter-output>
        </test-method> <!-- TearDown -->
      </class> <!-- Academy.validateTitle -->
    </test> <!-- Validating Title -->
    <test started-at="2020-09-19T14:34:11Z" name="Validating Homepage" finished-at="2020-09-19T14:34:41Z" duration-ms="29427">
      <class name="Academy.HomePage">
        <test-method is-config="true" signature="initialize()[pri:0, instance:Academy.HomePage@58bf8650]" started-at="2020-09-19T14:34:11Z" name="initialize" finished-at="2020-09-19T14:34:16Z" duration-ms="4744" status="PASS">
          <reporter-output>
          </reporter-output>
        </test-method> <!-- initialize -->
        <test-method signature="basePageNavigation(java.lang.String, java.lang.String)[pri:0, instance:Academy.HomePage@58bf8650]" started-at="2020-09-19T14:34:16Z" name="basePageNavigation" data-provider="getData" finished-at="2020-09-19T14:34:33Z" duration-ms="17073" status="PASS">
          <params>
            <param index="0">
              <value>
                <![CDATA[nonrestricteduser@gmail.com]]>
              </value>
            </param>
            <param index="1">
              <value>
                <![CDATA[Password@1]]>
              </value>
            </param>
          </params>
          <reporter-output>
          </reporter-output>
        </test-method> <!-- basePageNavigation -->
        <test-method signature="basePageNavigation(java.lang.String, java.lang.String)[pri:0, instance:Academy.HomePage@58bf8650]" started-at="2020-09-19T14:34:33Z" name="basePageNavigation" data-provider="getData" finished-at="2020-09-19T14:34:41Z" duration-ms="7287" status="PASS">
          <params>
            <param index="0">
              <value>
                <![CDATA[restricteduser@gmail.com]]>
              </value>
            </param>
            <param index="1">
              <value>
                <![CDATA[Password@1]]>
              </value>
            </param>
          </params>
          <reporter-output>
          </reporter-output>
        </test-method> <!-- basePageNavigation -->
        <test-method is-config="true" signature="TearDown()[pri:0, instance:Academy.HomePage@58bf8650]" started-at="2020-09-19T14:34:41Z" name="TearDown" finished-at="2020-09-19T14:34:41Z" duration-ms="195" status="PASS">
          <reporter-output>
          </reporter-output>
        </test-method> <!-- TearDown -->
      </class> <!-- Academy.HomePage -->
    </test> <!-- Validating Homepage -->
  </suite> <!-- Suite -->
</testng-results>
